<?xml version="1.0" encoding="UTF-8" ?>
<testsuite tests="1" failures="1" name="rel1t5_imna.rel1t5_imna.pruebas.PruebaBDTest" time="0.779" errors="0" skipped="0">
  <properties>
[...]
</properties>
  <testcase classname="rel1t5_imna.rel1t5_imna.pruebas.PruebaBDTest" name="testSomeMethod" time="0.779">
    <failure message="expected:&lt;2&gt; but was:&lt;1&gt;" type="junit.framework.AssertionFailedError">junit.framework.AssertionFailedError: expected:&lt;2&gt; but was:&lt;1&gt;
	at junit.framework.Assert.fail(Assert.java:47)
	at junit.framework.Assert.failNotEquals(Assert.java:280)
	at junit.framework.Assert.assertEquals(Assert.java:64)
	at junit.framework.Assert.assertEquals(Assert.java:198)
	at junit.framework.Assert.assertEquals(Assert.java:204)
	at rel1t5_imna.rel1t5_imna.pruebas.PruebaBDTest.testSomeMethod(PruebaBDTest.java:35)
</failure>
    <system-err>Mon Feb 27 16:01:47 CET 2023 WARN: Establishing SSL connection without server&apos;s identity verification is not recommended. According to MySQL 5.5.45+, 5.6.26+ and 5.7.6+ requirements SSL connection must be established by default if explicit option isn&apos;t set. For compliance with existing applications not using SSL the verifyServerCertificate property is set to &apos;false&apos;. You need either to explicitly disable SSL by setting useSSL=false, or set useSSL=true and provide truststore for server certificate verification.
</system-err>
  </testcase>
</testsuite>